<ERROR>

Exception in thread "AWT-EventQueue-0" java.lang.NullPointerException
	at eu.isas.reporter.gui.qcpanels.ProteinCharts.createRatioCharts(ProteinCharts.java:76)
	at eu.isas.reporter.gui.qcpanels.ProteinCharts.<init>(ProteinCharts.java:38)
	at eu.isas.reporter.gui.ResultPanel.<init>(ResultPanel.java:104)
	at eu.isas.reporter.Reporter.displayResults(Reporter.java:140)
	at eu.isas.reporter.calculation.ItraqCalculator.displayResults(ItraqCalculator.java:84)
	at eu.isas.reporter.gui.WaitingPanel.okButtonActionPerformed(WaitingPanel.java:172)
	at eu.isas.reporter.gui.WaitingPanel.access$100(WaitingPanel.java:22)
	at eu.isas.reporter.gui.WaitingPanel$2.actionPerformed(WaitingPanel.java:106)
	at javax.swing.AbstractButton.fireActionPerformed(AbstractButton.java:2015)
	at javax.swing.AbstractButton$Handler.actionPerformed(AbstractButton.java:2338)
	at javax.swing.DefaultButtonModel.fireActionPerformed(DefaultButtonModel.java:402)
	at javax.swing.DefaultButtonModel.setPressed(DefaultButtonModel.java:259)
	at javax.swing.plaf.basic.BasicButtonListener.mouseReleased(BasicButtonListener.java:253)
	at java.awt.Component.processMouseEvent(Component.java:6430)
	at javax.swing.JComponent.processMouseEvent(JComponent.java:3321)
	at java.awt.Component.processEvent(Component.java:6195)
	at java.awt.Container.processEvent(Container.java:2203)
	at java.awt.Component.dispatchEventImpl(Component.java:4790)
	at java.awt.Container.dispatchEventImpl(Container.java:2261)
	at java.awt.Component.dispatchEvent(Component.java:4616)
	at java.awt.LightweightDispatcher.retargetMouseEvent(Container.java:4800)
	at java.awt.LightweightDispatcher.processMouseEvent(Container.java:4463)
	at java.awt.LightweightDispatcher.dispatchEvent(Container.java:4393)
	at java.awt.Container.dispatchEventImpl(Container.java:2247)
	at java.awt.Window.dispatchEventImpl(Window.java:2671)
	at java.awt.Component.dispatchEvent(Component.java:4616)
	at java.awt.EventQueue.dispatchEvent(EventQueue.java:651)
	at java.awt.EventDispatchThread.pumpOneEventForFilters(EventDispatchThread.java:255)
	at java.awt.EventDispatchThread.pumpEventsForFilter(EventDispatchThread.java:170)
	at java.awt.EventDispatchThread.pumpEventsForHierarchy(EventDispatchThread.java:160)
	at java.awt.EventDispatchThread.pumpEvents(EventDispatchThread.java:155)
	at java.awt.EventDispatchThread.pumpEvents(EventDispatchThread.java:147)
	at java.awt.EventDispatchThread.run(EventDispatchThread.java:136)

The command line executed:
C:\Programme\Java\jre7\bin\java -Xms128M -Xmx768M -cp "C:\Java\reporter\target\Reporter-1.0\Reporter-1.0.jar" eu.isas.reporter.Reporter

</ERROR>
